HV000001: Hibernate Validator 6.1.7.Final
Starting VehicleRepairApplication using Java 1.8.0_144 on DESKTOP-GOJUFJB with PID 3480 (E:\Lyn\IdeaProjects\vehicle_repair\target\classes started by Lyn in E:\Lyn\IdeaProjects\vehicle_repair)
No active profile set, falling back to default profiles: default
Bootstrapping Spring Data JPA repositories in DEFAULT mode.
Finished Spring Data repository scanning in 176 ms. Found 8 JPA repository interfaces.
Tomcat initialized with port(s): 8080 (http)
Initializing ProtocolHandler ["http-nio-8080"]
Starting service [Tomcat]
Starting Servlet engine: [Apache Tomcat/9.0.44]
Initializing Spring embedded WebApplicationContext
Root WebApplicationContext: initialization completed in 3053 ms
HikariPool-1 - Starting...
HikariPool-1 - Start completed.
HHH000204: Processing PersistenceUnitInfo [name: default]
HHH000412: Hibernate ORM core version 5.4.29.Final
HCANN000001: Hibernate Commons Annotations {5.1.2.Final}
HHH000400: Using dialect: org.hibernate.dialect.MySQL57Dialect
HHH000490: Using JtaPlatform implementation: [org.hibernate.engine.transaction.jta.platform.internal.NoJtaPlatform]
Initialized JPA EntityManagerFactory for persistence unit 'default'
spring.jpa.open-in-view is enabled by default. Therefore, database queries may be performed during view rendering. Explicitly configure spring.jpa.open-in-view to disable this warning
Initializing ExecutorService 'applicationTaskExecutor'
Starting ProtocolHandler ["http-nio-8080"]
Tomcat started on port(s): 8080 (http) with context path '/car-repair'
Started VehicleRepairApplication in 10.391 seconds (JVM running for 12.474)
Initializing Spring DispatcherServlet 'dispatcherServlet'
Initializing Servlet 'dispatcherServlet'
Completed initialization in 116 ms
HV000001: Hibernate Validator 6.1.7.Final
Starting VehicleRepairApplication using Java 1.8.0_144 on DESKTOP-GOJUFJB with PID 2708 (E:\Lyn\IdeaProjects\vehicle_repair\target\classes started by Lyn in E:\Lyn\IdeaProjects\vehicle_repair)
No active profile set, falling back to default profiles: default
Bootstrapping Spring Data JPA repositories in DEFAULT mode.
Finished Spring Data repository scanning in 119 ms. Found 8 JPA repository interfaces.
Tomcat initialized with port(s): 8080 (http)
Initializing ProtocolHandler ["http-nio-8080"]
Starting service [Tomcat]
Starting Servlet engine: [Apache Tomcat/9.0.44]
Initializing Spring embedded WebApplicationContext
Root WebApplicationContext: initialization completed in 2715 ms
HikariPool-1 - Starting...
HikariPool-1 - Start completed.
HHH000204: Processing PersistenceUnitInfo [name: default]
HHH000412: Hibernate ORM core version 5.4.29.Final
HCANN000001: Hibernate Commons Annotations {5.1.2.Final}
HHH000400: Using dialect: org.hibernate.dialect.MySQL57Dialect
HHH000490: Using JtaPlatform implementation: [org.hibernate.engine.transaction.jta.platform.internal.NoJtaPlatform]
Initialized JPA EntityManagerFactory for persistence unit 'default'
spring.jpa.open-in-view is enabled by default. Therefore, database queries may be performed during view rendering. Explicitly configure spring.jpa.open-in-view to disable this warning
Initializing ExecutorService 'applicationTaskExecutor'
Starting ProtocolHandler ["http-nio-8080"]
Tomcat started on port(s): 8080 (http) with context path '/car-repair'
Started VehicleRepairApplication in 9.259 seconds (JVM running for 10.702)
Initializing Spring DispatcherServlet 'dispatcherServlet'
Initializing Servlet 'dispatcherServlet'
Completed initialization in 1 ms
HV000001: Hibernate Validator 6.1.7.Final
Starting VehicleRepairApplication using Java 1.8.0_144 on DESKTOP-GOJUFJB with PID 1496 (E:\Lyn\IdeaProjects\vehicle_repair\target\classes started by Lyn in E:\Lyn\IdeaProjects\vehicle_repair)
No active profile set, falling back to default profiles: default
Bootstrapping Spring Data JPA repositories in DEFAULT mode.
Finished Spring Data repository scanning in 122 ms. Found 8 JPA repository interfaces.
Tomcat initialized with port(s): 8080 (http)
Initializing ProtocolHandler ["http-nio-8080"]
Starting service [Tomcat]
Starting Servlet engine: [Apache Tomcat/9.0.44]
Initializing Spring embedded WebApplicationContext
Root WebApplicationContext: initialization completed in 2179 ms
HikariPool-1 - Starting...
HikariPool-1 - Start completed.
HHH000204: Processing PersistenceUnitInfo [name: default]
HHH000412: Hibernate ORM core version 5.4.29.Final
HCANN000001: Hibernate Commons Annotations {5.1.2.Final}
HHH000400: Using dialect: org.hibernate.dialect.MySQL57Dialect
HHH000490: Using JtaPlatform implementation: [org.hibernate.engine.transaction.jta.platform.internal.NoJtaPlatform]
Initialized JPA EntityManagerFactory for persistence unit 'default'
spring.jpa.open-in-view is enabled by default. Therefore, database queries may be performed during view rendering. Explicitly configure spring.jpa.open-in-view to disable this warning
Initializing ExecutorService 'applicationTaskExecutor'
Starting ProtocolHandler ["http-nio-8080"]
Tomcat started on port(s): 8080 (http) with context path '/car-repair'
Started VehicleRepairApplication in 6.464 seconds (JVM running for 7.361)
Initializing Spring DispatcherServlet 'dispatcherServlet'
Initializing Servlet 'dispatcherServlet'
Completed initialization in 1 ms
HikariPool-1 - Failed to validate connection com.mysql.cj.jdbc.ConnectionImpl@b853e92 (No operations allowed after connection closed.). Possibly consider using a shorter maxLifetime value.
HikariPool-1 - Failed to validate connection com.mysql.cj.jdbc.ConnectionImpl@3a76081 (No operations allowed after connection closed.). Possibly consider using a shorter maxLifetime value.
HikariPool-1 - Failed to validate connection com.mysql.cj.jdbc.ConnectionImpl@274a34a3 (No operations allowed after connection closed.). Possibly consider using a shorter maxLifetime value.
HikariPool-1 - Failed to validate connection com.mysql.cj.jdbc.ConnectionImpl@12609dda (No operations allowed after connection closed.). Possibly consider using a shorter maxLifetime value.
HikariPool-1 - Failed to validate connection com.mysql.cj.jdbc.ConnectionImpl@599ef76 (No operations allowed after connection closed.). Possibly consider using a shorter maxLifetime value.
HikariPool-1 - Failed to validate connection com.mysql.cj.jdbc.ConnectionImpl@51778c33 (No operations allowed after connection closed.). Possibly consider using a shorter maxLifetime value.
HV000001: Hibernate Validator 6.1.7.Final
Starting VehicleRepairApplication using Java 1.8.0_144 on DESKTOP-GOJUFJB with PID 3608 (E:\Lyn\IdeaProjects\vehicle_repair\target\classes started by Lyn in E:\Lyn\IdeaProjects\vehicle_repair)
No active profile set, falling back to default profiles: default
Bootstrapping Spring Data JPA repositories in DEFAULT mode.
Finished Spring Data repository scanning in 74 ms. Found 8 JPA repository interfaces.
Tomcat initialized with port(s): 8080 (http)
Initializing ProtocolHandler ["http-nio-8080"]
Starting service [Tomcat]
Starting Servlet engine: [Apache Tomcat/9.0.44]
Initializing Spring embedded WebApplicationContext
Root WebApplicationContext: initialization completed in 2332 ms
HikariPool-1 - Starting...
HikariPool-1 - Start completed.
HHH000204: Processing PersistenceUnitInfo [name: default]
HHH000412: Hibernate ORM core version 5.4.29.Final
HCANN000001: Hibernate Commons Annotations {5.1.2.Final}
HHH000400: Using dialect: org.hibernate.dialect.MySQL57Dialect
HHH000490: Using JtaPlatform implementation: [org.hibernate.engine.transaction.jta.platform.internal.NoJtaPlatform]
Initialized JPA EntityManagerFactory for persistence unit 'default'
spring.jpa.open-in-view is enabled by default. Therefore, database queries may be performed during view rendering. Explicitly configure spring.jpa.open-in-view to disable this warning
Initializing ExecutorService 'applicationTaskExecutor'
Starting ProtocolHandler ["http-nio-8080"]
Tomcat started on port(s): 8080 (http) with context path '/car-repair'
Started VehicleRepairApplication in 6.554 seconds (JVM running for 7.993)
Initializing Spring DispatcherServlet 'dispatcherServlet'
Initializing Servlet 'dispatcherServlet'
Completed initialization in 16 ms
Starting VehicleRepairApplication using Java 1.8.0_144 on DESKTOP-GOJUFJB with PID 5096 (E:\Lyn\IdeaProjects\vehicle_repair\target\classes started by Lyn in E:\Lyn\IdeaProjects\vehicle_repair)
HV000001: Hibernate Validator 6.1.7.Final
No active profile set, falling back to default profiles: default
Bootstrapping Spring Data JPA repositories in DEFAULT mode.
Finished Spring Data repository scanning in 214 ms. Found 8 JPA repository interfaces.
Tomcat initialized with port(s): 8080 (http)
Initializing ProtocolHandler ["http-nio-8080"]
Starting service [Tomcat]
Starting Servlet engine: [Apache Tomcat/9.0.44]
Initializing Spring embedded WebApplicationContext
Root WebApplicationContext: initialization completed in 2720 ms
HikariPool-1 - Starting...
HikariPool-1 - Start completed.
HHH000204: Processing PersistenceUnitInfo [name: default]
HHH000412: Hibernate ORM core version 5.4.29.Final
HCANN000001: Hibernate Commons Annotations {5.1.2.Final}
HHH000400: Using dialect: org.hibernate.dialect.MySQL57Dialect
HHH000490: Using JtaPlatform implementation: [org.hibernate.engine.transaction.jta.platform.internal.NoJtaPlatform]
Initialized JPA EntityManagerFactory for persistence unit 'default'
spring.jpa.open-in-view is enabled by default. Therefore, database queries may be performed during view rendering. Explicitly configure spring.jpa.open-in-view to disable this warning
Initializing ExecutorService 'applicationTaskExecutor'
Starting ProtocolHandler ["http-nio-8080"]
Tomcat started on port(s): 8080 (http) with context path '/car-repair'
Started VehicleRepairApplication in 5.84 seconds (JVM running for 6.908)
HV000001: Hibernate Validator 6.1.7.Final
Starting VehicleRepairApplication using Java 1.8.0_144 on DESKTOP-GOJUFJB with PID 4420 (E:\Lyn\IdeaProjects\vehicle_repair\target\classes started by Lyn in E:\Lyn\IdeaProjects\vehicle_repair)
No active profile set, falling back to default profiles: default
Bootstrapping Spring Data JPA repositories in DEFAULT mode.
Finished Spring Data repository scanning in 126 ms. Found 8 JPA repository interfaces.
Tomcat initialized with port(s): 8080 (http)
Initializing ProtocolHandler ["http-nio-8080"]
Starting service [Tomcat]
Starting Servlet engine: [Apache Tomcat/9.0.44]
Initializing Spring embedded WebApplicationContext
Root WebApplicationContext: initialization completed in 1757 ms
HikariPool-1 - Starting...
HikariPool-1 - Start completed.
HHH000204: Processing PersistenceUnitInfo [name: default]
HHH000412: Hibernate ORM core version 5.4.29.Final
HCANN000001: Hibernate Commons Annotations {5.1.2.Final}
HHH000400: Using dialect: org.hibernate.dialect.MySQL57Dialect
HHH000490: Using JtaPlatform implementation: [org.hibernate.engine.transaction.jta.platform.internal.NoJtaPlatform]
Initialized JPA EntityManagerFactory for persistence unit 'default'
spring.jpa.open-in-view is enabled by default. Therefore, database queries may be performed during view rendering. Explicitly configure spring.jpa.open-in-view to disable this warning
Initializing ExecutorService 'applicationTaskExecutor'
Starting ProtocolHandler ["http-nio-8080"]
Tomcat started on port(s): 8080 (http) with context path '/car-repair'
Started VehicleRepairApplication in 4.914 seconds (JVM running for 5.704)
Initializing Spring DispatcherServlet 'dispatcherServlet'
Initializing Servlet 'dispatcherServlet'
Completed initialization in 89 ms
HV000001: Hibernate Validator 6.1.7.Final
Starting VehicleRepairApplication using Java 1.8.0_144 on DESKTOP-GOJUFJB with PID 10056 (E:\Lyn\IdeaProjects\vehicle_repair\target\classes started by Lyn in E:\Lyn\IdeaProjects\vehicle_repair)
No active profile set, falling back to default profiles: default
Bootstrapping Spring Data JPA repositories in DEFAULT mode.
Finished Spring Data repository scanning in 205 ms. Found 8 JPA repository interfaces.
Tomcat initialized with port(s): 8080 (http)
Initializing ProtocolHandler ["http-nio-8080"]
Starting service [Tomcat]
Starting Servlet engine: [Apache Tomcat/9.0.44]
Initializing Spring embedded WebApplicationContext
Root WebApplicationContext: initialization completed in 2741 ms
HikariPool-1 - Starting...
HikariPool-1 - Start completed.
HHH000204: Processing PersistenceUnitInfo [name: default]
HHH000412: Hibernate ORM core version 5.4.29.Final
HCANN000001: Hibernate Commons Annotations {5.1.2.Final}
HHH000400: Using dialect: org.hibernate.dialect.MySQL57Dialect
HHH000490: Using JtaPlatform implementation: [org.hibernate.engine.transaction.jta.platform.internal.NoJtaPlatform]
Initialized JPA EntityManagerFactory for persistence unit 'default'
spring.jpa.open-in-view is enabled by default. Therefore, database queries may be performed during view rendering. Explicitly configure spring.jpa.open-in-view to disable this warning
Initializing ExecutorService 'applicationTaskExecutor'
Starting ProtocolHandler ["http-nio-8080"]
Tomcat started on port(s): 8080 (http) with context path '/car-repair'
Started VehicleRepairApplication in 6.293 seconds (JVM running for 7.217)
Initializing Spring DispatcherServlet 'dispatcherServlet'
Initializing Servlet 'dispatcherServlet'
Completed initialization in 45 ms
HV000001: Hibernate Validator 6.1.7.Final
Starting VehicleRepairApplication using Java 1.8.0_144 on DESKTOP-GOJUFJB with PID 8920 (E:\Lyn\IdeaProjects\vehicle_repair\target\classes started by Lyn in E:\Lyn\IdeaProjects\vehicle_repair)
No active profile set, falling back to default profiles: default
Bootstrapping Spring Data JPA repositories in DEFAULT mode.
Finished Spring Data repository scanning in 109 ms. Found 8 JPA repository interfaces.
Tomcat initialized with port(s): 8080 (http)
Initializing ProtocolHandler ["http-nio-8080"]
Starting service [Tomcat]
Starting Servlet engine: [Apache Tomcat/9.0.44]
Initializing Spring embedded WebApplicationContext
Root WebApplicationContext: initialization completed in 2716 ms
HikariPool-1 - Starting...
HikariPool-1 - Start completed.
HHH000204: Processing PersistenceUnitInfo [name: default]
HHH000412: Hibernate ORM core version 5.4.29.Final
HCANN000001: Hibernate Commons Annotations {5.1.2.Final}
HHH000400: Using dialect: org.hibernate.dialect.MySQL57Dialect
HHH000490: Using JtaPlatform implementation: [org.hibernate.engine.transaction.jta.platform.internal.NoJtaPlatform]
Initialized JPA EntityManagerFactory for persistence unit 'default'
spring.jpa.open-in-view is enabled by default. Therefore, database queries may be performed during view rendering. Explicitly configure spring.jpa.open-in-view to disable this warning
Initializing ExecutorService 'applicationTaskExecutor'
Starting ProtocolHandler ["http-nio-8080"]
Tomcat started on port(s): 8080 (http) with context path '/car-repair'
Started VehicleRepairApplication in 6.758 seconds (JVM running for 7.759)
Initializing Spring DispatcherServlet 'dispatcherServlet'
Initializing Servlet 'dispatcherServlet'
Completed initialization in 2 ms
