HV000001: Hibernate Validator 6.1.7.Final
Starting VehicleRepairApplication using Java 1.8.0_144 on DESKTOP-GOJUFJB with PID 9196 (E:\Lyn\IdeaProjects\vehicle_repair\target\classes started by Lyn in E:\Lyn\IdeaProjects\vehicle_repair)
No active profile set, falling back to default profiles: default
Bootstrapping Spring Data JPA repositories in DEFAULT mode.
Finished Spring Data repository scanning in 338 ms. Found 8 JPA repository interfaces.
Tomcat initialized with port(s): 8080 (http)
Initializing ProtocolHandler ["http-nio-8080"]
Starting service [Tomcat]
Starting Servlet engine: [Apache Tomcat/9.0.44]
Initializing Spring embedded WebApplicationContext
Root WebApplicationContext: initialization completed in 7431 ms
HikariPool-1 - Starting...
HikariPool-1 - Start completed.
HHH000204: Processing PersistenceUnitInfo [name: default]
HHH000412: Hibernate ORM core version 5.4.29.Final
HCANN000001: Hibernate Commons Annotations {5.1.2.Final}
HHH000400: Using dialect: org.hibernate.dialect.MySQL57Dialect
HHH000490: Using JtaPlatform implementation: [org.hibernate.engine.transaction.jta.platform.internal.NoJtaPlatform]
Initialized JPA EntityManagerFactory for persistence unit 'default'
spring.jpa.open-in-view is enabled by default. Therefore, database queries may be performed during view rendering. Explicitly configure spring.jpa.open-in-view to disable this warning
Initializing ExecutorService 'applicationTaskExecutor'
Starting ProtocolHandler ["http-nio-8080"]
Tomcat started on port(s): 8080 (http) with context path '/car-repair'
Started VehicleRepairApplication in 22.54 seconds (JVM running for 26.186)
Initializing Spring DispatcherServlet 'dispatcherServlet'
Initializing Servlet 'dispatcherServlet'
Completed initialization in 1 ms
HikariPool-1 - Thread starvation or clock leap detected (housekeeper delta=4h6m42s636ms341µs600ns).
HikariPool-1 - Failed to validate connection com.mysql.cj.jdbc.ConnectionImpl@7203ddec (No operations allowed after connection closed.). Possibly consider using a shorter maxLifetime value.
HikariPool-1 - Failed to validate connection com.mysql.cj.jdbc.ConnectionImpl@4aa73673 (No operations allowed after connection closed.). Possibly consider using a shorter maxLifetime value.
HikariPool-1 - Failed to validate connection com.mysql.cj.jdbc.ConnectionImpl@248baae8 (No operations allowed after connection closed.). Possibly consider using a shorter maxLifetime value.
HikariPool-1 - Failed to validate connection com.mysql.cj.jdbc.ConnectionImpl@5c351edb (No operations allowed after connection closed.). Possibly consider using a shorter maxLifetime value.
HikariPool-1 - Failed to validate connection com.mysql.cj.jdbc.ConnectionImpl@40009f1c (No operations allowed after connection closed.). Possibly consider using a shorter maxLifetime value.
HV000001: Hibernate Validator 6.1.7.Final
Starting VehicleRepairApplication using Java 1.8.0_144 on DESKTOP-GOJUFJB with PID 13332 (E:\Lyn\IdeaProjects\vehicle_repair\target\classes started by Lyn in E:\Lyn\IdeaProjects\vehicle_repair)
No active profile set, falling back to default profiles: default
Bootstrapping Spring Data JPA repositories in DEFAULT mode.
Finished Spring Data repository scanning in 1101 ms. Found 8 JPA repository interfaces.
Tomcat initialized with port(s): 8080 (http)
Initializing ProtocolHandler ["http-nio-8080"]
Starting service [Tomcat]
Starting Servlet engine: [Apache Tomcat/9.0.44]
Initializing Spring embedded WebApplicationContext
Root WebApplicationContext: initialization completed in 8776 ms
HikariPool-1 - Starting...
HikariPool-1 - Start completed.
HHH000204: Processing PersistenceUnitInfo [name: default]
HHH000412: Hibernate ORM core version 5.4.29.Final
HCANN000001: Hibernate Commons Annotations {5.1.2.Final}
HHH000400: Using dialect: org.hibernate.dialect.MySQL57Dialect
HHH000490: Using JtaPlatform implementation: [org.hibernate.engine.transaction.jta.platform.internal.NoJtaPlatform]
Initialized JPA EntityManagerFactory for persistence unit 'default'
spring.jpa.open-in-view is enabled by default. Therefore, database queries may be performed during view rendering. Explicitly configure spring.jpa.open-in-view to disable this warning
Initializing ExecutorService 'applicationTaskExecutor'
Starting ProtocolHandler ["http-nio-8080"]
Tomcat started on port(s): 8080 (http) with context path '/car-repair'
Started VehicleRepairApplication in 19.26 seconds (JVM running for 23.606)
Initializing Spring DispatcherServlet 'dispatcherServlet'
Initializing Servlet 'dispatcherServlet'
Completed initialization in 3 ms
Starting VehicleRepairApplication using Java 1.8.0_144 on DESKTOP-GOJUFJB with PID 2556 (E:\Lyn\IdeaProjects\vehicle_repair\target\classes started by Lyn in E:\Lyn\IdeaProjects\vehicle_repair)
HV000001: Hibernate Validator 6.1.7.Final
No active profile set, falling back to default profiles: default
Bootstrapping Spring Data JPA repositories in DEFAULT mode.
Finished Spring Data repository scanning in 500 ms. Found 8 JPA repository interfaces.
Tomcat initialized with port(s): 8080 (http)
Initializing ProtocolHandler ["http-nio-8080"]
Starting service [Tomcat]
Starting Servlet engine: [Apache Tomcat/9.0.44]
Initializing Spring embedded WebApplicationContext
Root WebApplicationContext: initialization completed in 5332 ms
HikariPool-1 - Starting...
HikariPool-1 - Start completed.
HHH000204: Processing PersistenceUnitInfo [name: default]
HHH000412: Hibernate ORM core version 5.4.29.Final
HCANN000001: Hibernate Commons Annotations {5.1.2.Final}
HHH000400: Using dialect: org.hibernate.dialect.MySQL57Dialect
HHH000490: Using JtaPlatform implementation: [org.hibernate.engine.transaction.jta.platform.internal.NoJtaPlatform]
Initialized JPA EntityManagerFactory for persistence unit 'default'
spring.jpa.open-in-view is enabled by default. Therefore, database queries may be performed during view rendering. Explicitly configure spring.jpa.open-in-view to disable this warning
Initializing ExecutorService 'applicationTaskExecutor'
Starting ProtocolHandler ["http-nio-8080"]
Tomcat started on port(s): 8080 (http) with context path '/car-repair'
Started VehicleRepairApplication in 14.167 seconds (JVM running for 17.013)
Initializing Spring DispatcherServlet 'dispatcherServlet'
Initializing Servlet 'dispatcherServlet'
Completed initialization in 32 ms
Resolved [org.springframework.web.method.annotation.MethodArgumentTypeMismatchException: Failed to convert value of type 'java.lang.String' to required type 'java.lang.Integer'; nested exception is java.lang.NumberFormatException: For input string: "undefined"]
Resolved [org.springframework.web.method.annotation.MethodArgumentTypeMismatchException: Failed to convert value of type 'java.lang.String' to required type 'java.lang.Integer'; nested exception is java.lang.NumberFormatException: For input string: "undefined"]
Resolved [org.springframework.web.method.annotation.MethodArgumentTypeMismatchException: Failed to convert value of type 'java.lang.String' to required type 'java.lang.Integer'; nested exception is java.lang.NumberFormatException: For input string: "undefined"]
Resolved [org.springframework.web.method.annotation.MethodArgumentTypeMismatchException: Failed to convert value of type 'java.lang.String' to required type 'java.lang.Integer'; nested exception is java.lang.NumberFormatException: For input string: "undefined"]
Resolved [org.springframework.web.method.annotation.MethodArgumentTypeMismatchException: Failed to convert value of type 'java.lang.String' to required type 'java.lang.Integer'; nested exception is java.lang.NumberFormatException: For input string: "undefined"]
Resolved [org.springframework.web.method.annotation.MethodArgumentTypeMismatchException: Failed to convert value of type 'java.lang.String' to required type 'java.lang.Integer'; nested exception is java.lang.NumberFormatException: For input string: "undefined"]
Resolved [org.springframework.web.method.annotation.MethodArgumentTypeMismatchException: Failed to convert value of type 'java.lang.String' to required type 'java.lang.Integer'; nested exception is java.lang.NumberFormatException: For input string: "undefined"]
Resolved [org.springframework.web.method.annotation.MethodArgumentTypeMismatchException: Failed to convert value of type 'java.lang.String' to required type 'java.lang.Integer'; nested exception is java.lang.NumberFormatException: For input string: "undefined"]
HV000001: Hibernate Validator 6.1.7.Final
Starting VehicleRepairApplication using Java 1.8.0_144 on DESKTOP-GOJUFJB with PID 12136 (E:\Lyn\IdeaProjects\vehicle_repair\target\classes started by Lyn in E:\Lyn\IdeaProjects\vehicle_repair)
No active profile set, falling back to default profiles: default
Bootstrapping Spring Data JPA repositories in DEFAULT mode.
Finished Spring Data repository scanning in 192 ms. Found 8 JPA repository interfaces.
Tomcat initialized with port(s): 8080 (http)
Initializing ProtocolHandler ["http-nio-8080"]
Starting service [Tomcat]
Starting Servlet engine: [Apache Tomcat/9.0.44]
Initializing Spring embedded WebApplicationContext
Root WebApplicationContext: initialization completed in 4586 ms
HikariPool-1 - Starting...
HikariPool-1 - Start completed.
HHH000204: Processing PersistenceUnitInfo [name: default]
HHH000412: Hibernate ORM core version 5.4.29.Final
HCANN000001: Hibernate Commons Annotations {5.1.2.Final}
HHH000400: Using dialect: org.hibernate.dialect.MySQL57Dialect
HHH000490: Using JtaPlatform implementation: [org.hibernate.engine.transaction.jta.platform.internal.NoJtaPlatform]
Initialized JPA EntityManagerFactory for persistence unit 'default'
spring.jpa.open-in-view is enabled by default. Therefore, database queries may be performed during view rendering. Explicitly configure spring.jpa.open-in-view to disable this warning
Initializing ExecutorService 'applicationTaskExecutor'
Starting ProtocolHandler ["http-nio-8080"]
Tomcat started on port(s): 8080 (http) with context path '/car-repair'
Started VehicleRepairApplication in 9.919 seconds (JVM running for 11.795)
Initializing Spring DispatcherServlet 'dispatcherServlet'
Initializing Servlet 'dispatcherServlet'
Completed initialization in 120 ms
Resolved [org.springframework.web.bind.MissingServletRequestParameterException: Required String parameter 'userId' is not present]
Resolved [org.springframework.web.bind.MissingServletRequestParameterException: Required String parameter 'userId' is not present]
Resolved [org.springframework.web.bind.MissingServletRequestParameterException: Required String parameter 'userId' is not present]
Resolved [org.springframework.web.HttpRequestMethodNotSupportedException: Request method 'POST' not supported]
